{"contracts/BookRental.sol":{"l":{"46":2,"47":1,"51":33,"60":10,"61":10,"62":10,"64":10,"65":10,"78":10,"79":10,"85":10,"86":10,"87":9,"89":9,"90":9,"92":8,"93":8,"94":8,"95":8,"96":8,"98":8,"104":6,"105":6,"106":6,"108":6,"109":6,"111":6,"117":2,"118":2,"121":2,"122":0,"126":2,"127":2,"128":2,"129":2,"131":2,"132":0,"136":2,"137":2,"139":2,"140":2,"142":2,"143":0,"144":0,"146":2,"147":2,"151":2,"152":2,"153":2,"155":2,"156":2,"158":2,"164":3,"165":3,"166":3,"168":3,"169":3,"171":3,"178":1,"179":1,"181":1,"183":1,"184":1,"186":1,"188":1,"195":6},"path":"/home/hrwarrior/Documents/DAppBook/contracts/BookRental.sol","s":{"1":2,"2":10,"3":10,"4":10,"5":10,"6":10,"7":10,"8":10,"9":9,"10":9,"11":9,"12":8,"13":6,"14":6,"15":6,"16":6,"17":2,"18":2,"19":2,"20":2,"21":2,"22":2,"23":2,"24":2,"25":2,"26":2,"27":2,"28":2,"29":2,"30":2,"31":2,"32":2,"33":3,"34":3,"35":3,"36":3,"37":1,"38":1,"39":1,"40":1,"41":1,"42":6},"b":{"1":[1,1],"2":[10,1],"3":[0,10],"4":[0,10],"5":[0,10],"6":[10,0],"7":[1,9],"8":[0,9],"9":[1,8],"10":[0,6],"11":[0,6],"12":[2,0],"13":[0,2],"14":[0,2],"15":[2,0],"16":[0,2],"17":[0,2],"18":[0,2],"19":[0,3],"20":[0,3],"21":[1,1],"22":[1,0],"23":[0,1]},"f":{"1":2,"2":33,"3":10,"4":10,"5":6,"6":2,"7":3,"8":1,"9":6},"fnMap":{"1":{"name":"onlyArbitrator","line":45,"loc":{"start":{"line":45,"column":4},"end":{"line":48,"column":4}}},"2":{"name":"constructor","line":50,"loc":{"start":{"line":50,"column":4},"end":{"line":52,"column":4}}},"3":{"name":"listItem","line":59,"loc":{"start":{"line":59,"column":4},"end":{"line":80,"column":4}}},"4":{"name":"rentItem","line":84,"loc":{"start":{"line":84,"column":4},"end":{"line":99,"column":4}}},"5":{"name":"returnItem","line":103,"loc":{"start":{"line":103,"column":4},"end":{"line":112,"column":4}}},"6":{"name":"confirmReturn","line":116,"loc":{"start":{"line":116,"column":4},"end":{"line":159,"column":4}}},"7":{"name":"raiseDispute","line":163,"loc":{"start":{"line":163,"column":4},"end":{"line":172,"column":4}}},"8":{"name":"resolveDispute","line":177,"loc":{"start":{"line":177,"column":4},"end":{"line":189,"column":4}}},"9":{"name":"getItem","line":194,"loc":{"start":{"line":194,"column":4},"end":{"line":196,"column":4}}}},"statementMap":{"1":{"start":{"line":46,"column":8},"end":{"line":46,"column":72}},"2":{"start":{"line":60,"column":8},"end":{"line":60,"column":77}},"3":{"start":{"line":61,"column":8},"end":{"line":61,"column":64}},"4":{"start":{"line":62,"column":8},"end":{"line":62,"column":77}},"5":{"start":{"line":78,"column":8},"end":{"line":78,"column":58}},"6":{"start":{"line":79,"column":8},"end":{"line":79,"column":26}},"7":{"start":{"line":85,"column":8},"end":{"line":85,"column":42}},"8":{"start":{"line":86,"column":8},"end":{"line":86,"column":79}},"9":{"start":{"line":87,"column":8},"end":{"line":87,"column":76}},"10":{"start":{"line":89,"column":8},"end":{"line":89,"column":71}},"11":{"start":{"line":90,"column":8},"end":{"line":90,"column":81}},"12":{"start":{"line":98,"column":8},"end":{"line":98,"column":44}},"13":{"start":{"line":104,"column":8},"end":{"line":104,"column":42}},"14":{"start":{"line":105,"column":8},"end":{"line":105,"column":76}},"15":{"start":{"line":106,"column":8},"end":{"line":106,"column":69}},"16":{"start":{"line":111,"column":8},"end":{"line":111,"column":46}},"17":{"start":{"line":117,"column":8},"end":{"line":117,"column":42}},"18":{"start":{"line":118,"column":8},"end":{"line":118,"column":85}},"19":{"start":{"line":121,"column":8},"end":{"line":121,"column":4563}},"20":{"start":{"line":126,"column":8},"end":{"line":126,"column":60}},"21":{"start":{"line":127,"column":8},"end":{"line":127,"column":48}},"22":{"start":{"line":128,"column":8},"end":{"line":128,"column":4854}},"23":{"start":{"line":131,"column":8},"end":{"line":131,"column":4956}},"24":{"start":{"line":136,"column":8},"end":{"line":136,"column":68}},"25":{"start":{"line":137,"column":8},"end":{"line":137,"column":66}},"26":{"start":{"line":139,"column":8},"end":{"line":139,"column":28}},"27":{"start":{"line":140,"column":8},"end":{"line":140,"column":28}},"28":{"start":{"line":142,"column":8},"end":{"line":142,"column":5305}},"29":{"start":{"line":152,"column":8},"end":{"line":152,"column":52}},"30":{"start":{"line":155,"column":8},"end":{"line":155,"column":40}},"31":{"start":{"line":156,"column":8},"end":{"line":156,"column":44}},"32":{"start":{"line":158,"column":8},"end":{"line":158,"column":51}},"33":{"start":{"line":164,"column":8},"end":{"line":164,"column":42}},"34":{"start":{"line":165,"column":8},"end":{"line":165,"column":85}},"35":{"start":{"line":166,"column":8},"end":{"line":166,"column":69}},"36":{"start":{"line":171,"column":8},"end":{"line":171,"column":47}},"37":{"start":{"line":178,"column":8},"end":{"line":178,"column":42}},"38":{"start":{"line":179,"column":8},"end":{"line":179,"column":79}},"39":{"start":{"line":181,"column":8},"end":{"line":181,"column":65}},"40":{"start":{"line":186,"column":8},"end":{"line":186,"column":34}},"41":{"start":{"line":188,"column":8},"end":{"line":188,"column":46}},"42":{"start":{"line":195,"column":8},"end":{"line":195,"column":29}}},"branchMap":{"1":{"line":46,"type":"if","locations":[{"start":{"line":46,"column":8},"end":{"line":46,"column":8}},{"start":{"line":46,"column":8},"end":{"line":46,"column":8}}]},"2":{"line":59,"type":"if","locations":[{"start":{"line":59,"column":101},"end":{"line":59,"column":101}},{"start":{"line":59,"column":101},"end":{"line":59,"column":101}}]},"3":{"line":60,"type":"if","locations":[{"start":{"line":60,"column":8},"end":{"line":60,"column":8}},{"start":{"line":60,"column":8},"end":{"line":60,"column":8}}]},"4":{"line":61,"type":"if","locations":[{"start":{"line":61,"column":8},"end":{"line":61,"column":8}},{"start":{"line":61,"column":8},"end":{"line":61,"column":8}}]},"5":{"line":62,"type":"if","locations":[{"start":{"line":62,"column":8},"end":{"line":62,"column":8}},{"start":{"line":62,"column":8},"end":{"line":62,"column":8}}]},"6":{"line":84,"type":"if","locations":[{"start":{"line":84,"column":56},"end":{"line":84,"column":56}},{"start":{"line":84,"column":56},"end":{"line":84,"column":56}}]},"7":{"line":86,"type":"if","locations":[{"start":{"line":86,"column":8},"end":{"line":86,"column":8}},{"start":{"line":86,"column":8},"end":{"line":86,"column":8}}]},"8":{"line":87,"type":"if","locations":[{"start":{"line":87,"column":8},"end":{"line":87,"column":8}},{"start":{"line":87,"column":8},"end":{"line":87,"column":8}}]},"9":{"line":90,"type":"if","locations":[{"start":{"line":90,"column":8},"end":{"line":90,"column":8}},{"start":{"line":90,"column":8},"end":{"line":90,"column":8}}]},"10":{"line":105,"type":"if","locations":[{"start":{"line":105,"column":8},"end":{"line":105,"column":8}},{"start":{"line":105,"column":8},"end":{"line":105,"column":8}}]},"11":{"line":106,"type":"if","locations":[{"start":{"line":106,"column":8},"end":{"line":106,"column":8}},{"start":{"line":106,"column":8},"end":{"line":106,"column":8}}]},"12":{"line":116,"type":"if","locations":[{"start":{"line":116,"column":53},"end":{"line":116,"column":53}},{"start":{"line":116,"column":53},"end":{"line":116,"column":53}}]},"13":{"line":118,"type":"if","locations":[{"start":{"line":118,"column":8},"end":{"line":118,"column":8}},{"start":{"line":118,"column":8},"end":{"line":118,"column":8}}]},"14":{"line":121,"type":"if","locations":[{"start":{"line":121,"column":8},"end":{"line":121,"column":8}},{"start":{"line":121,"column":8},"end":{"line":121,"column":8}}]},"15":{"line":128,"type":"if","locations":[{"start":{"line":128,"column":8},"end":{"line":128,"column":8}},{"start":{"line":128,"column":8},"end":{"line":128,"column":8}}]},"16":{"line":131,"type":"if","locations":[{"start":{"line":131,"column":8},"end":{"line":131,"column":8}},{"start":{"line":131,"column":8},"end":{"line":131,"column":8}}]},"17":{"line":136,"type":"if","locations":[{"start":{"line":136,"column":50},"end":{"line":136,"column":63}},{"start":{"line":136,"column":67},"end":{"line":136,"column":67}}]},"18":{"line":142,"type":"if","locations":[{"start":{"line":142,"column":8},"end":{"line":142,"column":8}},{"start":{"line":142,"column":8},"end":{"line":142,"column":8}}]},"19":{"line":165,"type":"if","locations":[{"start":{"line":165,"column":8},"end":{"line":165,"column":8}},{"start":{"line":165,"column":8},"end":{"line":165,"column":8}}]},"20":{"line":166,"type":"if","locations":[{"start":{"line":166,"column":8},"end":{"line":166,"column":8}},{"start":{"line":166,"column":8},"end":{"line":166,"column":8}}]},"21":{"line":177,"type":"if","locations":[{"start":{"line":177,"column":79},"end":{"line":177,"column":79}},{"start":{"line":177,"column":79},"end":{"line":177,"column":79}}]},"22":{"line":177,"type":"if","locations":[{"start":{"line":177,"column":94},"end":{"line":177,"column":94}},{"start":{"line":177,"column":94},"end":{"line":177,"column":94}}]},"23":{"line":179,"type":"if","locations":[{"start":{"line":179,"column":8},"end":{"line":179,"column":8}},{"start":{"line":179,"column":8},"end":{"line":179,"column":8}}]}}}}