TN:
SF:/home/hrwarrior/Documents/DAppBook/contracts/BookRental.sol
FN:45,onlyArbitrator
FN:50,constructor
FN:59,listItem
FN:84,rentItem
FN:103,returnItem
FN:116,confirmReturn
FN:163,raiseDispute
FN:177,resolveDispute
FN:194,getItem
FNF:9
FNH:9
FNDA:2,onlyArbitrator
FNDA:33,constructor
FNDA:10,listItem
FNDA:10,rentItem
FNDA:6,returnItem
FNDA:2,confirmReturn
FNDA:3,raiseDispute
FNDA:1,resolveDispute
FNDA:6,getItem
DA:46,2
DA:47,1
DA:51,33
DA:60,10
DA:61,10
DA:62,10
DA:64,10
DA:65,10
DA:78,10
DA:79,10
DA:85,10
DA:86,10
DA:87,9
DA:89,9
DA:90,9
DA:92,8
DA:93,8
DA:94,8
DA:95,8
DA:96,8
DA:98,8
DA:104,6
DA:105,6
DA:106,6
DA:108,6
DA:109,6
DA:111,6
DA:117,2
DA:118,2
DA:121,2
DA:122,0
DA:126,2
DA:127,2
DA:128,2
DA:129,2
DA:131,2
DA:132,0
DA:136,2
DA:137,2
DA:139,2
DA:140,2
DA:142,2
DA:143,0
DA:144,0
DA:146,2
DA:147,2
DA:151,2
DA:152,2
DA:153,2
DA:155,2
DA:156,2
DA:158,2
DA:164,3
DA:165,3
DA:166,3
DA:168,3
DA:169,3
DA:171,3
DA:178,1
DA:179,1
DA:181,1
DA:183,1
DA:184,1
DA:186,1
DA:188,1
DA:195,6
LF:66
LH:62
BRDA:46,1,0,1
BRDA:46,1,1,1
BRDA:59,2,0,10
BRDA:59,2,1,1
BRDA:60,3,0,0
BRDA:60,3,1,10
BRDA:61,4,0,0
BRDA:61,4,1,10
BRDA:62,5,0,0
BRDA:62,5,1,10
BRDA:84,6,0,10
BRDA:84,6,1,0
BRDA:86,7,0,1
BRDA:86,7,1,9
BRDA:87,8,0,0
BRDA:87,8,1,9
BRDA:90,9,0,1
BRDA:90,9,1,8
BRDA:105,10,0,0
BRDA:105,10,1,6
BRDA:106,11,0,0
BRDA:106,11,1,6
BRDA:116,12,0,2
BRDA:116,12,1,0
BRDA:118,13,0,0
BRDA:118,13,1,2
BRDA:121,14,0,0
BRDA:121,14,1,2
BRDA:128,15,0,2
BRDA:128,15,1,0
BRDA:131,16,0,0
BRDA:131,16,1,2
BRDA:136,17,0,0
BRDA:136,17,1,2
BRDA:142,18,0,0
BRDA:142,18,1,2
BRDA:165,19,0,0
BRDA:165,19,1,3
BRDA:166,20,0,0
BRDA:166,20,1,3
BRDA:177,21,0,1
BRDA:177,21,1,1
BRDA:177,22,0,1
BRDA:177,22,1,0
BRDA:179,23,0,0
BRDA:179,23,1,1
BRF:46
BRH:28
end_of_record
